<?xml version="1.0" encoding="utf-8"?><testsuites name="pytest tests"><testsuite name="pytest" errors="0" failures="0" skipped="0" tests="43" time="21.711" timestamp="2026-03-21T16:45:28.876839+00:00" hostname="agent-env-5506259a-fac9-4d16-9e2a-c49dd335a447"><testcase classname="backend.tests.test_comep_api.TestHealthAndSeed" name="test_health_check" time="0.132" /><testcase classname="backend.tests.test_comep_api.TestHealthAndSeed" name="test_seed_database" time="0.107" /><testcase classname="backend.tests.test_comep_api.TestAdminAuth" name="test_admin_login_success" time="0.326" /><testcase classname="backend.tests.test_comep_api.TestAdminAuth" name="test_admin_login_invalid_credentials" time="0.108" /><testcase classname="backend.tests.test_comep_api.TestAdminAuth" name="test_admin_login_wrong_password" time="0.353" /><testcase classname="backend.tests.test_comep_api.TestEscolaAuth" name="test_escola_login_success" time="0.370" /><testcase classname="backend.tests.test_comep_api.TestEscolaAuth" name="test_escola_login_invalid_inep" time="0.121" /><testcase classname="backend.tests.test_comep_api.TestEscolaAuth" name="test_escola_login_invalid_cpf" time="0.108" /><testcase classname="backend.tests.test_comep_api.TestEscolaAuth" name="test_escola_login_wrong_password" time="0.325" /><testcase classname="backend.tests.test_comep_api.TestEscolasAdmin" name="test_list_escolas" time="0.461" /><testcase classname="backend.tests.test_comep_api.TestEscolasAdmin" name="test_get_escola_by_id" time="0.559" /><testcase classname="backend.tests.test_comep_api.TestEscolasAdmin" name="test_filter_escolas_by_situacao" time="0.443" /><testcase classname="backend.tests.test_comep_api.TestEscolasAdmin" name="test_list_escolas_unauthorized" time="0.443" /><testcase classname="backend.tests.test_comep_api.TestEscolaBlockUnblock" name="test_block_escola" time="0.648" /><testcase classname="backend.tests.test_comep_api.TestEscolaBlockUnblock" name="test_unblock_escola" time="0.808" /><testcase classname="backend.tests.test_comep_api.TestDashboard" name="test_admin_dashboard_stats" time="0.442" /><testcase classname="backend.tests.test_comep_api.TestDashboard" name="test_dashboard_evolucao" time="0.433" /><testcase classname="backend.tests.test_comep_api.TestEscolaDashboard" name="test_escola_stats" time="0.422" /><testcase classname="backend.tests.test_comep_api.TestEscolaDashboard" name="test_get_minha_escola" time="0.462" /><testcase classname="backend.tests.test_comep_api.TestPDFReports" name="test_general_escolas_pdf" time="0.542" /><testcase classname="backend.tests.test_comep_api.TestPDFReports" name="test_individual_escola_pdf" time="0.552" /><testcase classname="backend.tests.test_comep_api.TestNotifications" name="test_get_escolas_desatualizadas" time="0.462" /><testcase classname="backend.tests.test_comep_api.TestNotifications" name="test_get_historico_notificacoes" time="0.454" /><testcase classname="backend.tests.test_comep_api.TestDataIsolation" name="test_escola_can_only_see_own_docentes" time="0.443" /><testcase classname="backend.tests.test_comep_api.TestDataIsolation" name="test_escola_can_only_see_own_quadro_admin" time="0.423" /><testcase classname="backend.tests.test_documentos_api.TestDocumentosGestao" name="test_get_tipos_documentos_gestao" time="0.505" /><testcase classname="backend.tests.test_documentos_api.TestDocumentosGestao" name="test_list_documentos_gestao" time="0.453" /><testcase classname="backend.tests.test_documentos_api.TestDocumentosGestao" name="test_upload_documento_gestao" time="0.720" /><testcase classname="backend.tests.test_documentos_api.TestDocumentosGestao" name="test_upload_invalid_file_type" time="0.435" /><testcase classname="backend.tests.test_documentos_api.TestDocumentosGestao" name="test_download_documento_gestao" time="0.969" /><testcase classname="backend.tests.test_documentos_api.TestDocumentosGestao" name="test_delete_documento_gestao" time="0.796" /><testcase classname="backend.tests.test_documentos_api.TestDocumentosDocentes" name="test_get_tipos_documentos_docente" time="0.618" /><testcase classname="backend.tests.test_documentos_api.TestDocumentosDocentes" name="test_list_documentos_docente" time="0.553" /><testcase classname="backend.tests.test_documentos_api.TestDocumentosDocentes" name="test_upload_documento_docente" time="0.805" /><testcase classname="backend.tests.test_documentos_api.TestDocumentosDocentes" name="test_download_documento_docente" time="1.043" /><testcase classname="backend.tests.test_documentos_api.TestDocumentosDocentes" name="test_delete_documento_docente" time="0.878" /><testcase classname="backend.tests.test_lotacao_api.TestDocentesCompletosLotacao" name="test_create_docente_with_lotacao" time="0.425" /><testcase classname="backend.tests.test_lotacao_api.TestDocentesCompletosLotacao" name="test_create_docente_educacao_infantil" time="0.511" /><testcase classname="backend.tests.test_lotacao_api.TestDocentesCompletosLotacao" name="test_create_docente_multiple_lotacoes" time="0.434" /><testcase classname="backend.tests.test_lotacao_api.TestDocentesCompletosLotacao" name="test_update_docente_lotacao" time="0.651" /><testcase classname="backend.tests.test_lotacao_api.TestDocentesCompletosLotacao" name="test_list_docentes_completos" time="0.447" /><testcase classname="backend.tests.test_lotacao_api.TestDocentesCompletosLotacao" name="test_turno_integral" time="0.448" /><testcase classname="backend.tests.test_lotacao_api.TestCleanup" name="test_cleanup_test_docentes" time="0.991" /></testsuite></testsuites>