<?xml version="1.0" encoding="utf-8"?><testsuites name="pytest tests"><testsuite name="pytest" errors="0" failures="0" skipped="0" tests="25" time="9.952" timestamp="2026-03-21T16:26:22.252945+00:00" hostname="agent-env-5506259a-fac9-4d16-9e2a-c49dd335a447"><testcase classname="backend.tests.test_comep_api.TestHealthAndSeed" name="test_health_check" time="0.136" /><testcase classname="backend.tests.test_comep_api.TestHealthAndSeed" name="test_seed_database" time="0.118" /><testcase classname="backend.tests.test_comep_api.TestAdminAuth" name="test_admin_login_success" time="0.330" /><testcase classname="backend.tests.test_comep_api.TestAdminAuth" name="test_admin_login_invalid_credentials" time="0.109" /><testcase classname="backend.tests.test_comep_api.TestAdminAuth" name="test_admin_login_wrong_password" time="0.335" /><testcase classname="backend.tests.test_comep_api.TestEscolaAuth" name="test_escola_login_success" time="0.333" /><testcase classname="backend.tests.test_comep_api.TestEscolaAuth" name="test_escola_login_invalid_inep" time="0.124" /><testcase classname="backend.tests.test_comep_api.TestEscolaAuth" name="test_escola_login_invalid_cpf" time="0.111" /><testcase classname="backend.tests.test_comep_api.TestEscolaAuth" name="test_escola_login_wrong_password" time="0.365" /><testcase classname="backend.tests.test_comep_api.TestEscolasAdmin" name="test_list_escolas" time="0.449" /><testcase classname="backend.tests.test_comep_api.TestEscolasAdmin" name="test_get_escola_by_id" time="0.554" /><testcase classname="backend.tests.test_comep_api.TestEscolasAdmin" name="test_filter_escolas_by_situacao" time="0.454" /><testcase classname="backend.tests.test_comep_api.TestEscolasAdmin" name="test_list_escolas_unauthorized" time="0.433" /><testcase classname="backend.tests.test_comep_api.TestEscolaBlockUnblock" name="test_block_escola" time="0.645" /><testcase classname="backend.tests.test_comep_api.TestEscolaBlockUnblock" name="test_unblock_escola" time="0.774" /><testcase classname="backend.tests.test_comep_api.TestDashboard" name="test_admin_dashboard_stats" time="0.454" /><testcase classname="backend.tests.test_comep_api.TestDashboard" name="test_dashboard_evolucao" time="0.436" /><testcase classname="backend.tests.test_comep_api.TestEscolaDashboard" name="test_escola_stats" time="0.440" /><testcase classname="backend.tests.test_comep_api.TestEscolaDashboard" name="test_get_minha_escola" time="0.431" /><testcase classname="backend.tests.test_comep_api.TestPDFReports" name="test_general_escolas_pdf" time="0.540" /><testcase classname="backend.tests.test_comep_api.TestPDFReports" name="test_individual_escola_pdf" time="0.538" /><testcase classname="backend.tests.test_comep_api.TestNotifications" name="test_get_escolas_desatualizadas" time="0.428" /><testcase classname="backend.tests.test_comep_api.TestNotifications" name="test_get_historico_notificacoes" time="0.484" /><testcase classname="backend.tests.test_comep_api.TestDataIsolation" name="test_escola_can_only_see_own_docentes" time="0.435" /><testcase classname="backend.tests.test_comep_api.TestDataIsolation" name="test_escola_can_only_see_own_quadro_admin" time="0.427" /></testsuite></testsuites>